This is pdfTeX, Version 3.14159265-2.6-1.40.19 (MiKTeX 2.9.6930 64-bit) (preloaded format=pdflatex 2019.3.1)  24 NOV 2019 03:38
entering extended mode
**./laser.tex
(laser.tex
LaTeX2e <2018-12-01>
(D:\LaTeX\tex/latex/base\article.cls
Document Class: article 2018/09/03 v1.4i Standard LaTeX document class
(D:\LaTeX\tex/latex/base\size11.clo
File: size11.clo 2018/09/03 v1.4i Standard LaTeX file (size option)
)
\c@part=\count80
\c@section=\count81
\c@subsection=\count82
\c@subsubsection=\count83
\c@paragraph=\count84
\c@subparagraph=\count85
\c@figure=\count86
\c@table=\count87
\abovecaptionskip=\skip41
\belowcaptionskip=\skip42
\bibindent=\dimen102
) (D:\LaTeX\tex/latex/base\inputenc.sty
Package: inputenc 2018/08/11 v1.3c Input encoding file
\inpenc@prehook=\toks14
\inpenc@posthook=\toks15
)
(D:\LaTeX\tex/generic/babel\babel.sty
Package: babel 2018/11/13 3.27 The Babel package
 (D:\LaTeX\tex/generic/babel\switch.def
File: switch.def 2018/11/13 3.27 Babel switching mechanism
)
*************************************
* Local config file bblopts.cfg used
*
(D:\LaTeX\tex/latex/arabi\bblopts.cfg
File: bblopts.cfg 2005/09/08 v0.1 add Arabic and Farsi to "declared" options of
 babel
)
(D:\LaTeX\tex/latex/babel-english\english.ldf
Language: english 2017/06/06 v3.3r English support from the babel system

(D:\LaTeX\tex/generic/babel\babel.def
File: babel.def 2018/11/13 3.27 Babel common definitions
\babel@savecnt=\count88
\U@D=\dimen103
 (D:\LaTeX\tex/generic/babel\txtbabel.def)
\bbl@dirlevel=\count89
)
\l@canadian = a dialect from \language\l@american 
\l@australian = a dialect from \language\l@british 
\l@newzealand = a dialect from \language\l@british 
)) (D:\LaTeX\tex/latex/amsmath\amsmath.sty
Package: amsmath 2018/12/01 v2.17b AMS math features
\@mathmargin=\skip43

For additional information on amsmath, use the `?' option.
(D:\LaTeX\tex/latex/amsmath\amstext.sty
Package: amstext 2000/06/29 v2.01 AMS text
 (D:\LaTeX\tex/latex/amsmath\amsgen.sty
File: amsgen.sty 1999/11/30 v2.0 generic functions
\@emptytoks=\toks16
\ex@=\dimen104
)) (D:\LaTeX\tex/latex/amsmath\amsbsy.sty
Package: amsbsy 1999/11/29 v1.2d Bold Symbols
\pmbraise@=\dimen105
)
(D:\LaTeX\tex/latex/amsmath\amsopn.sty
Package: amsopn 2016/03/08 v2.02 operator names
)
\inf@bad=\count90
LaTeX Info: Redefining \frac on input line 223.
\uproot@=\count91
\leftroot@=\count92
LaTeX Info: Redefining \overline on input line 385.
\classnum@=\count93
\DOTSCASE@=\count94
LaTeX Info: Redefining \ldots on input line 482.
LaTeX Info: Redefining \dots on input line 485.
LaTeX Info: Redefining \cdots on input line 606.
\Mathstrutbox@=\box27
\strutbox@=\box28
\big@size=\dimen106
LaTeX Font Info:    Redeclaring font encoding OML on input line 729.
LaTeX Font Info:    Redeclaring font encoding OMS on input line 730.
\macc@depth=\count95
\c@MaxMatrixCols=\count96
\dotsspace@=\muskip10
\c@parentequation=\count97
\dspbrk@lvl=\count98
\tag@help=\toks17
\row@=\count99
\column@=\count100
\maxfields@=\count101
\andhelp@=\toks18
\eqnshift@=\dimen107
\alignsep@=\dimen108
\tagshift@=\dimen109
\tagwidth@=\dimen110
\totwidth@=\dimen111
\lineht@=\dimen112
\@envbody=\toks19
\multlinegap=\skip44
\multlinetaggap=\skip45
\mathdisplay@stack=\toks20
LaTeX Info: Redefining \[ on input line 2844.
LaTeX Info: Redefining \] on input line 2845.
)
(D:\LaTeX\tex/latex/amsfonts\amsfonts.sty
Package: amsfonts 2013/01/14 v3.01 Basic AMSFonts support
\symAMSa=\mathgroup4
\symAMSb=\mathgroup5
LaTeX Font Info:    Overwriting math alphabet `\mathfrak' in version `bold'
(Font)                  U/euf/m/n --> U/euf/b/n on input line 106.
)
(D:\LaTeX\tex/latex/amsfonts\amssymb.sty
Package: amssymb 2013/01/14 v3.01 AMS font symbols
)
(D:\LaTeX\tex/latex/graphics\graphicx.sty
Package: graphicx 2017/06/01 v1.1a Enhanced LaTeX Graphics (DPC,SPQR)

(D:\LaTeX\tex/latex/graphics\keyval.sty
Package: keyval 2014/10/28 v1.15 key=value parser (DPC)
\KV@toks@=\toks21
)
(D:\LaTeX\tex/latex/graphics\graphics.sty
Package: graphics 2017/06/25 v1.2c Standard LaTeX Graphics (DPC,SPQR)
 (D:\LaTeX\tex/latex/graphics\trig.sty
Package: trig 2016/01/03 v1.10 sin cos tan (DPC)
) (D:\LaTeX\tex/latex/graphics-cfg\graphics.cfg
File: graphics.cfg 2016/06/04 v1.11 sample graphics configuration
)
Package graphics Info: Driver file: pdftex.def on input line 99.

(D:\LaTeX\tex/latex/graphics-def\pdftex.def
File: pdftex.def 2018/01/08 v1.0l Graphics/color driver for pdftex
))
\Gin@req@height=\dimen113
\Gin@req@width=\dimen114
)
(D:\LaTeX\tex/latex/float\float.sty
Package: float 2001/11/08 v1.3d Float enhancements (AL)
\c@float@type=\count102
\float@exts=\toks22
\float@box=\box29
\@float@everytoks=\toks23
\@floatcapt=\box30
) (D:\LaTeX\tex/latex/caption\subcaption.sty
Package: subcaption 2018/05/01 v1.1-162 Sub-captions (AR)
(D:\LaTeX\tex/latex/caption\caption.sty
Package: caption 2018/10/06 v3.3-154 Customizing captions (AR)

(D:\LaTeX\tex/latex/caption\caption3.sty
Package: caption3 2018/09/12 v1.8c caption3 kernel (AR)
Package caption3 Info: TeX engine: e-TeX on input line 64.
\captionmargin=\dimen115
\captionmargin@=\dimen116
\captionwidth=\dimen117
\caption@tempdima=\dimen118
\caption@indent=\dimen119
\caption@parindent=\dimen120
\caption@hangindent=\dimen121
)
\c@caption@flags=\count103
\c@ContinuedFloat=\count104
Package caption Info: float package is loaded.
)
\c@subfigure=\count105
\c@subtable=\count106
) (laser.aux)
\openout1 = `laser.aux'.

LaTeX Font Info:    Checking defaults for OML/cmm/m/it on input line 10.
LaTeX Font Info:    ... okay on input line 10.
LaTeX Font Info:    Checking defaults for T1/cmr/m/n on input line 10.
LaTeX Font Info:    ... okay on input line 10.
LaTeX Font Info:    Checking defaults for OT1/cmr/m/n on input line 10.
LaTeX Font Info:    ... okay on input line 10.
LaTeX Font Info:    Checking defaults for OMS/cmsy/m/n on input line 10.
LaTeX Font Info:    ... okay on input line 10.
LaTeX Font Info:    Checking defaults for OMX/cmex/m/n on input line 10.
LaTeX Font Info:    ... okay on input line 10.
LaTeX Font Info:    Checking defaults for U/cmr/m/n on input line 10.
LaTeX Font Info:    ... okay on input line 10.

(D:\LaTeX\tex/context/base/mkii\supp-pdf.mkii
[Loading MPS to PDF converter (version 2006.09.02).]
\scratchcounter=\count107
\scratchdimen=\dimen122
\scratchbox=\box31
\nofMPsegments=\count108
\nofMParguments=\count109
\everyMPshowfont=\toks24
\MPscratchCnt=\count110
\MPscratchDim=\dimen123
\MPnumerator=\count111
\makeMPintoPDFobject=\count112
\everyMPtoPDFconversion=\toks25
) (D:\LaTeX\tex/latex/oberdiek\epstopdf-base.sty
Package: epstopdf-base 2016/05/15 v2.6 Base part for package epstopdf

(D:\LaTeX\tex/generic/oberdiek\infwarerr.sty
Package: infwarerr 2016/05/16 v1.4 Providing info/warning/error messages (HO)
)
(D:\LaTeX\tex/latex/oberdiek\grfext.sty
Package: grfext 2016/05/16 v1.2 Manage graphics extensions (HO)

(D:\LaTeX\tex/generic/oberdiek\kvdefinekeys.sty
Package: kvdefinekeys 2016/05/16 v1.4 Define keys (HO)

(D:\LaTeX\tex/generic/oberdiek\ltxcmds.sty
Package: ltxcmds 2016/05/16 v1.23 LaTeX kernel commands for general use (HO)
)))
(D:\LaTeX\tex/latex/oberdiek\kvoptions.sty
Package: kvoptions 2016/05/16 v3.12 Key value format for package options (HO)

(D:\LaTeX\tex/generic/oberdiek\kvsetkeys.sty
Package: kvsetkeys 2016/05/16 v1.17 Key value parser (HO)

(D:\LaTeX\tex/generic/oberdiek\etexcmds.sty
Package: etexcmds 2016/05/16 v1.6 Avoid name clashes with e-TeX commands (HO)

(D:\LaTeX\tex/generic/oberdiek\ifluatex.sty
Package: ifluatex 2016/05/16 v1.4 Provides the ifluatex switch (HO)
Package ifluatex Info: LuaTeX not detected.
))))
(D:\LaTeX\tex/generic/oberdiek\pdftexcmds.sty
Package: pdftexcmds 2018/09/10 v0.29 Utility functions of pdfTeX for LuaTeX (HO
)

(D:\LaTeX\tex/generic/oberdiek\ifpdf.sty
Package: ifpdf 2018/09/07 v3.3 Provides the ifpdf switch
)
Package pdftexcmds Info: LuaTeX not detected.
Package pdftexcmds Info: \pdf@primitive is available.
Package pdftexcmds Info: \pdf@ifprimitive is available.
Package pdftexcmds Info: \pdfdraftmode found.
)
Package epstopdf-base Info: Redefining graphics rule for `.eps' on input line 4
38.
Package grfext Info: Graphics extension search list:
(grfext)             [.pdf,.png,.jpg,.mps,.jpeg,.jbig2,.jb2,.PDF,.PNG,.JPG,.JPE
G,.JBIG2,.JB2,.eps]
(grfext)             \AppendGraphicsExtensions on input line 456.
)
Package caption Info: Begin \AtBeginDocument code.
Package caption Info: End \AtBeginDocument code.
LaTeX Font Info:    Try loading font information for U+msa on input line 14.

(D:\LaTeX\tex/latex/amsfonts\umsa.fd
File: umsa.fd 2013/01/14 v3.01 AMS symbols A
)
LaTeX Font Info:    Try loading font information for U+msb on input line 14.
 (D:\LaTeX\tex/latex/amsfonts\umsb.fd
File: umsb.fd 2013/01/14 v3.01 AMS symbols B
)
Underfull \hbox (badness 10000) in paragraph at lines 15--17

 []


Underfull \hbox (badness 10000) in paragraph at lines 17--21

 []

[1

{C:/Users/BEN/AppData/Local/MiKTeX/2.9/pdftex/config/pdftex.map}]
<triang.png, id=13, 425.1885pt x 280.04625pt>
File: triang.png Graphic file (type png)
<use triang.png>
Package pdftex.def Info: triang.png  used on input line 28.
(pdftex.def)             Requested size: 255.11507pt x 168.02904pt.
<cetvel.png, id=15, 284.262pt x 172.84575pt>
File: cetvel.png Graphic file (type png)
<use cetvel.png>
Package pdftex.def Info: cetvel.png  used on input line 53.
(pdftex.def)             Requested size: 198.98203pt x 120.99118pt.
 [2 <./triang.png>]
<cet.png, id=20, 361.95226pt x 221.628pt>
File: cet.png Graphic file (type png)
<use cet.png>
Package pdftex.def Info: cet.png  used on input line 67.
(pdftex.def)             Requested size: 253.36484pt x 155.13853pt.
 [3 <./cetvel.png> <./cet.png>]
<n.png, id=27, 383.031pt x 352.9185pt>
File: n.png Graphic file (type png)
<use n.png>
Package pdftex.def Info: n.png  used on input line 80.
(pdftex.def)             Requested size: 229.82037pt x 211.75273pt.
 [4] [5 <./n.png>]
LaTeX Font Info:    Try loading font information for OMS+cmr on input line 127.


(D:\LaTeX\tex/latex/base\omscmr.fd
File: omscmr.fd 2014/09/29 v2.5h Standard LaTeX font definitions
)
LaTeX Font Info:    Font shape `OMS/cmr/m/n' in size <12> not available
(Font)              Font shape `OMS/cmsy/m/n' tried instead on input line 127.
 [6]
Underfull \hbox (badness 10000) in paragraph at lines 143--144

 []

<t.png, id=42, 425.1885pt x 280.04625pt>
File: t.png Graphic file (type png)
<use t.png>
Package pdftex.def Info: t.png  used on input line 147.
(pdftex.def)             Requested size: 297.62991pt x 196.03102pt.
[7]
Overfull \hbox (93.67137pt too wide) in paragraph at lines 181--203
 [][] 
 []

[8 <./t.png>]
Overfull \hbox (1.80788pt too wide) in paragraph at lines 209--239
[][] 
 []

File: triang.png Graphic file (type png)
<use triang.png>
Package pdftex.def Info: triang.png  used on input line 247.
(pdftex.def)             Requested size: 297.62991pt x 196.03102pt.
[9]
<lambda.png, id=56, 87.9285pt x 40.35075pt>
File: lambda.png Graphic file (type png)
<use lambda.png>
Package pdftex.def Info: lambda.png  used on input line 259.
(pdftex.def)             Requested size: 70.34288pt x 32.28064pt.
<2.png, id=57, 257.763pt x 405.31425pt>
File: 2.png Graphic file (type png)
<use 2.png>
Package pdftex.def Info: 2.png  used on input line 266.
(pdftex.def)             Requested size: 180.43286pt x 283.71803pt.
 [10 <./lambda.png>]
Underfull \hbox (badness 10000) in paragraph at lines 269--272

 []

<tr.png, id=62, 722.7pt x 544.434pt>
File: tr.png Graphic file (type png)
<use tr.png>
Package pdftex.def Info: tr.png  used on input line 276.
(pdftex.def)             Requested size: 144.53743pt x 108.88486pt.
[11 <./2.png> <./tr.png>]
Underfull \hbox (badness 10000) in paragraph at lines 281--284

 []

<in.png, id=68, 144.54pt x 34.9305pt>
File: in.png Graphic file (type png)
<use in.png>
Package pdftex.def Info: in.png  used on input line 287.
(pdftex.def)             Requested size: 115.63214pt x 27.94443pt.

Underfull \hbox (badness 10000) in paragraph at lines 292--294

 []

[12 <./in.png>]
Underfull \hbox (badness 10000) in paragraph at lines 297--299

 []


Overfull \hbox (109.91466pt too wide) in paragraph at lines 299--300
[]\OT1/cmr/m/n/12 [1]Institute of Physics, Case study: Laser; https://www.iop.o
rg/cs/page[]43644.html#gref 
 []


Overfull \hbox (0.94504pt too wide) in paragraph at lines 300--301
[]\OT1/cmr/m/n/12 [2]https://web.mit.edu/8.13/8.13c/references-fall/optics/scha
wlow-
 []


Overfull \hbox (32.86554pt too wide) in paragraph at lines 301--302
[]\OT1/cmr/m/n/12 [3]http://labman.phys.utk.edu/phys222core/modules/m9/diffract
ion.htm 
 []

[13] (laser.aux) )
(\end occurred inside a group at level 1)

### simple group (level 1) entered at line 15 ({)
### bottom level 
Here is how much of TeX's memory you used:
 4154 strings out of 492946
 58512 string characters out of 3143943
 139717 words of memory out of 3000000
 7978 multiletter control sequences out of 15000+200000
 11747 words of font info for 44 fonts, out of 3000000 for 9000
 1141 hyphenation exceptions out of 8191
 42i,9n,40p,727b,371s stack positions out of 5000i,500n,10000p,200000b,50000s
<D:/LaTeX/fonts/type1/public/amsfonts/cm/cmbx10.pfb><D:/LaTeX/f
onts/type1/public/amsfonts/cm/cmbx12.pfb><D:/LaTeX/fonts/type1/public/amsfonts/
cm/cmex10.pfb><D:/LaTeX/fonts/type1/public/amsfonts/cm/cmmi10.pfb><D:/LaTeX/fon
ts/type1/public/amsfonts/cm/cmmi12.pfb><D:/LaTeX/fonts/type1/public/amsfonts/cm
/cmmi6.pfb><D:/LaTeX/fonts/type1/public/amsfonts/cm/cmmi8.pfb><D:/LaTeX/fonts/t
ype1/public/amsfonts/cm/cmr10.pfb><D:/LaTeX/fonts/type1/public/amsfonts/cm/cmr1
2.pfb><D:/LaTeX/fonts/type1/public/amsfonts/cm/cmr6.pfb><D:/LaTeX/fonts/type1/p
ublic/amsfonts/cm/cmr8.pfb><D:/LaTeX/fonts/type1/public/amsfonts/cm/cmsy10.pfb>
<D:/LaTeX/fonts/type1/public/amsfonts/cm/cmsy8.pfb><D:/LaTeX/fonts/type1/public
/amsfonts/cm/cmti10.pfb><D:/LaTeX/fonts/type1/public/amsfonts/cm/cmti12.pfb>
Output written on laser.pdf (13 pages, 939184 bytes).
PDF statistics:
 124 PDF objects out of 1000 (max. 8388607)
 0 named destinations out of 1000 (max. 500000)
 46 words of extra memory for PDF output out of 10000 (max. 10000000)

